# JRE version: OpenJDK Runtime Environment (8.0_242) (build 1.8.0_242-release-1644-b3-6222593)
# Java VM: OpenJDK 64-Bit Server VM (25.242-b3-6222593 mixed mode bsd-amd64 compressed oops)
Heap:
 PSYoungGen      total 440832K, used 57466K [0x00000007a0000000, 0x00000007c0000000, 0x00000007c0000000)
  eden space 397312K, 3% used [0x00000007a0000000,0x00000007a0dd4dd0,0x00000007b8400000)
  from space 43520K, 99% used [0x00000007b8400000,0x00000007bae49b78,0x00000007bae80000)
  to   space 64000K, 0% used [0x00000007bc180000,0x00000007bc180000,0x00000007c0000000)
 ParOldGen       total 189952K, used 113227K [0x0000000760000000, 0x000000076b980000, 0x00000007a0000000)
  object space 189952K, 59% used [0x0000000760000000,0x0000000766e92d10,0x000000076b980000)
 Metaspace       used 89666K, capacity 95240K, committed 95256K, reserved 1132544K
  class space    used 11907K, capacity 13099K, committed 13104K, reserved 1048576K
GC Heap History (10 events):
Event: 38.010 GC heap before
{Heap before GC invocations=22 (full 3):
 PSYoungGen      total 464896K, used 441876K [0x00000007a0000000, 0x00000007c0000000, 0x00000007c0000000)
  eden space 404992K, 100% used [0x00000007a0000000,0x00000007b8b80000,0x00000007b8b80000)
  from space 59904K, 61% used [0x00000007bc580000,0x00000007be9850e0,0x00000007c0000000)
  to   space 59392K, 0% used [0x00000007b8b80000,0x00000007b8b80000,0x00000007bc580000)
 ParOldGen       total 189952K, used 113195K [0x0000000760000000, 0x000000076b980000, 0x00000007a0000000)
  object space 189952K, 59% used [0x0000000760000000,0x0000000766e8ad10,0x000000076b980000)
 Metaspace       used 82955K, capacity 88260K, committed 88472K, reserved 1126400K
  class space    used 11098K, capacity 12189K, committed 12208K, reserved 1048576K
Event: 38.031 GC heap after
Heap after GC invocations=22 (full 3):
 PSYoungGen      total 464384K, used 38916K [0x00000007a0000000, 0x00000007c0000000, 0x00000007c0000000)
  eden space 404992K, 0% used [0x00000007a0000000,0x00000007a0000000,0x00000007b8b80000)
  from space 59392K, 65% used [0x00000007b8b80000,0x00000007bb1811d0,0x00000007bc580000)
  to   space 59904K, 0% used [0x00000007bc580000,0x00000007bc580000,0x00000007c0000000)
 ParOldGen       total 189952K, used 113203K [0x0000000760000000, 0x000000076b980000, 0x00000007a0000000)
  object space 189952K, 59% used [0x0000000760000000,0x0000000766e8cd10,0x000000076b980000)
 Metaspace       used 82955K, capacity 88260K, committed 88472K, reserved 1126400K
  class space    used 11098K, capacity 12189K, committed 12208K, reserved 1048576K
}
Event: 41.867 GC heap before
{Heap before GC invocations=23 (full 3):
 PSYoungGen      total 464384K, used 443908K [0x00000007a0000000, 0x00000007c0000000, 0x00000007c0000000)
  eden space 404992K, 100% used [0x00000007a0000000,0x00000007b8b80000,0x00000007b8b80000)
  from space 59392K, 65% used [0x00000007b8b80000,0x00000007bb1811d0,0x00000007bc580000)
  to   space 59904K, 0% used [0x00000007bc580000,0x00000007bc580000,0x00000007c0000000)
 ParOldGen       total 189952K, used 113203K [0x0000000760000000, 0x000000076b980000, 0x00000007a0000000)
  object space 189952K, 59% used [0x0000000760000000,0x0000000766e8cd10,0x000000076b980000)
 Metaspace       used 82956K, capacity 88260K, committed 88472K, reserved 1126400K
  class space    used 11098K, capacity 12189K, committed 12208K, reserved 1048576K
Event: 41.885 GC heap after
Heap after GC invocations=23 (full 3):
 PSYoungGen      total 460288K, used 43664K [0x00000007a0000000, 0x00000007c0000000, 0x00000007c0000000)
  eden space 400384K, 0% used [0x00000007a0000000,0x00000007a0000000,0x00000007b8700000)
  from space 59904K, 72% used [0x00000007bc580000,0x00000007bf0243c0,0x00000007c0000000)
  to   space 61952K, 0% used [0x00000007b8700000,0x00000007b8700000,0x00000007bc380000)
 ParOldGen       total 189952K, used 113211K [0x0000000760000000, 0x000000076b980000, 0x00000007a0000000)
  object space 189952K, 59% used [0x0000000760000000,0x0000000766e8ed10,0x000000076b980000)
 Metaspace       used 82956K, capacity 88260K, committed 88472K, reserved 1126400K
  class space    used 11098K, capacity 12189K, committed 12208K, reserved 1048576K
}
Event: 45.830 GC heap before
{Heap before GC invocations=24 (full 3):
 PSYoungGen      total 460288K, used 444048K [0x00000007a0000000, 0x00000007c0000000, 0x00000007c0000000)
  eden space 400384K, 100% used [0x00000007a0000000,0x00000007b8700000,0x00000007b8700000)
  from space 59904K, 72% used [0x00000007bc580000,0x00000007bf0243c0,0x00000007c0000000)
  to   space 61952K, 0% used [0x00000007b8700000,0x00000007b8700000,0x00000007bc380000)
 ParOldGen       total 189952K, used 113211K [0x0000000760000000, 0x000000076b980000, 0x00000007a0000000)
  object space 189952K, 59% used [0x0000000760000000,0x0000000766e8ed10,0x000000076b980000)
 Metaspace       used 83019K, capacity 88342K, committed 88472K, reserved 1126400K
  class space    used 11107K, capacity 12192K, committed 12208K, reserved 1048576K
Event: 45.844 GC heap after
Heap after GC invocations=24 (full 3):
 PSYoungGen      total 462336K, used 36132K [0x00000007a0000000, 0x00000007bff00000, 0x00000007c0000000)
  eden space 400384K, 0% used [0x00000007a0000000,0x00000007a0000000,0x00000007b8700000)
  from space 61952K, 58% used [0x00000007b8700000,0x00000007baa49040,0x00000007bc380000)
  to   space 60416K, 0% used [0x00000007bc400000,0x00000007bc400000,0x00000007bff00000)
 ParOldGen       total 189952K, used 113211K [0x0000000760000000, 0x000000076b980000, 0x00000007a0000000)
  object space 189952K, 59% used [0x0000000760000000,0x0000000766e8ed10,0x000000076b980000)
 Metaspace       used 83019K, capacity 88342K, committed 88472K, reserved 1126400K
  class space    used 11107K, capacity 12192K, committed 12208K, reserved 1048576K
}
Event: 48.283 GC heap before
{Heap before GC invocations=25 (full 3):
 PSYoungGen      total 462336K, used 436516K [0x00000007a0000000, 0x00000007bff00000, 0x00000007c0000000)
  eden space 400384K, 100% used [0x00000007a0000000,0x00000007b8700000,0x00000007b8700000)
  from space 61952K, 58% used [0x00000007b8700000,0x00000007baa49040,0x00000007bc380000)
  to   space 60416K, 0% used [0x00000007bc400000,0x00000007bc400000,0x00000007bff00000)
 ParOldGen       total 189952K, used 113211K [0x0000000760000000, 0x000000076b980000, 0x00000007a0000000)
  object space 189952K, 59% used [0x0000000760000000,0x0000000766e8ed10,0x000000076b980000)
 Metaspace       used 89349K, capacity 94856K, committed 95000K, reserved 1130496K
  class space    used 11888K, capacity 13063K, committed 13104K, reserved 1048576K
Event: 48.309 GC heap after
Heap after GC invocations=25 (full 3):
 PSYoungGen      total 457728K, used 48512K [0x00000007a0000000, 0x00000007c0000000, 0x00000007c0000000)
  eden space 397312K, 0% used [0x00000007a0000000,0x00000007a0000000,0x00000007b8400000)
  from space 60416K, 80% used [0x00000007bc400000,0x00000007bf360060,0x00000007bff00000)
  to   space 63488K, 0% used [0x00000007b8400000,0x00000007b8400000,0x00000007bc200000)
 ParOldGen       total 189952K, used 113219K [0x0000000760000000, 0x000000076b980000, 0x00000007a0000000)
  object space 189952K, 59% used [0x0000000760000000,0x0000000766e90d10,0x000000076b980000)
 Metaspace       used 89349K, capacity 94856K, committed 95000K, reserved 1130496K
  class space    used 11888K, capacity 13063K, committed 13104K, reserved 1048576K
}
Event: 51.386 GC heap before
{Heap before GC invocations=26 (full 3):
 PSYoungGen      total 457728K, used 445824K [0x00000007a0000000, 0x00000007c0000000, 0x00000007c0000000)
  eden space 397312K, 100% used [0x00000007a0000000,0x00000007b8400000,0x00000007b8400000)
  from space 60416K, 80% used [0x00000007bc400000,0x00000007bf360060,0x00000007bff00000)
  to   space 63488K, 0% used [0x00000007b8400000,0x00000007b8400000,0x00000007bc200000)
 ParOldGen       total 189952K, used 113219K [0x0000000760000000, 0x000000076b980000, 0x00000007a0000000)
  object space 189952K, 59% used [0x0000000760000000,0x0000000766e90d10,0x000000076b980000)
 Metaspace       used 89471K, capacity 94942K, committed 95000K, reserved 1130496K
  class space    used 11894K, capacity 13066K, committed 13104K, reserved 1048576K
Event: 51.405 GC heap after
Heap after GC invocations=26 (full 3):
 PSYoungGen      total 440832K, used 43302K [0x00000007a0000000, 0x00000007c0000000, 0x00000007c0000000)
  eden space 397312K, 0% used [0x00000007a0000000,0x00000007a0000000,0x00000007b8400000)
  from space 43520K, 99% used [0x00000007b8400000,0x00000007bae49b78,0x00000007bae80000)
  to   space 64000K, 0% used [0x00000007bc180000,0x00000007bc180000,0x00000007c0000000)
 ParOldGen       total 189952K, used 113227K [0x0000000760000000, 0x000000076b980000, 0x00000007a0000000)
  object space 189952K, 59% used [0x0000000760000000,0x0000000766e92d10,0x000000076b980000)
 Metaspace       used 89471K, capacity 94942K, committed 95000K, reserved 1130496K
  class space    used 11894K, capacity 13066K, committed 13104K, reserved 1048576K
}

